<?xml version="1.0" encoding="UTF-8"?>
<!-- Generated by org.testng.reporters.JUnitReportReporter -->
<testsuite hostname="Tsss-Pc1-PC" name="com.dealwallet.webdriver.samples.TestExample" tests="2" failures="0" timestamp="28 Jun 2013 05:34:17 GMT" time="0.008" errors="0">
  <testcase name="test4" time="0.008" classname="com.dealwallet.webdriver.samples.TestExample"/>
  <testcase name="testLast" time="0.000" classname="com.dealwallet.webdriver.samples.TestExample"/>
</testsuite>
