<?xml version="1.0" encoding="UTF-8"?>
<!-- Generated by org.testng.reporters.JUnitReportReporter -->
<testsuite hostname="Tsss-Pc1-PC" name="com.dealwallet.webdriver.selenium05082013.AudioAndVideo" tests="1" failures="0" timestamp="1 Jun 2013 05:51:04 GMT" time="303.493" errors="0">
  <testcase name="testAandP" time="303.493" classname="com.dealwallet.webdriver.selenium05082013.AudioAndVideo"/>
</testsuite> <!-- com.dealwallet.webdriver.selenium05082013.AudioAndVideo -->
