<?xml version="1.0" encoding="UTF-8"?>
<!-- Generated by org.testng.reporters.JUnitReportReporter -->
<testsuite hostname="Tsss-Pc1-PC" name="com.dealwallet.webdriver.selenium.scraping.Naaptol" tests="1" failures="0" timestamp="24 Apr 2013 09:23:54 GMT" time="42.020" errors="0">
  <testcase name="testnaaptol" time="42.020" classname="com.dealwallet.webdriver.selenium.scraping.Naaptol"/>
</testsuite> <!-- com.dealwallet.webdriver.selenium.scraping.Naaptol -->
