<?xml version="1.0" encoding="UTF-8"?>
<!-- Generated by org.testng.reporters.JUnitReportReporter -->
<testsuite hostname="Tsss-Pc1-PC" name="com.dealwallet.webdriver.selenium.dealwalletadmin.DealsEbay" tests="1" failures="0" timestamp="16 Apr 2013 09:19:01 GMT" time="39.907" errors="0">
  <testcase name="testEbay" time="39.907" classname="com.dealwallet.webdriver.selenium.dealwalletadmin.DealsEbay"/>
</testsuite> <!-- com.dealwallet.webdriver.selenium.dealwalletadmin.DealsEbay -->
