<?xml version="1.0" encoding="UTF-8"?>
<!-- Generated by org.testng.reporters.JUnitReportReporter -->
<testsuite hostname="Tsss-Pc1-PC" name="com.dealwallet.webdriver.samples.TestExample" tests="6" failures="0" timestamp="16 May 2013 09:33:22 GMT" time="604.116" errors="0">
  <testcase name="test2" time="0.001" classname="com.dealwallet.webdriver.samples.TestExample"/>
  <testcase name="testLast" time="604.099" classname="com.dealwallet.webdriver.samples.TestExample"/>
  <testcase name="test3" time="0.001" classname="com.dealwallet.webdriver.samples.TestExample"/>
  <testcase name="test1" time="0.001" classname="com.dealwallet.webdriver.samples.TestExample"/>
  <testcase name="test4" time="0.013" classname="com.dealwallet.webdriver.samples.TestExample"/>
  <testcase name="test5" time="0.001" classname="com.dealwallet.webdriver.samples.TestExample"/>
</testsuite> <!-- com.dealwallet.webdriver.samples.TestExample -->
