<?xml version="1.0" encoding="UTF-8"?>
<!-- Generated by org.testng.reporters.JUnitReportReporter -->
<testsuite hostname="Tsss-Pc1-PC"
	name="com.dealwallet.webdriver.selenium05082013.JewelleryAndWatches"
	tests="1" failures="0" timestamp="10 May 2013 04:26:58 GMT" time="369.177"
	errors="0">
	<testcase name="testAandP" time="369.177"
		classname="com.dealwallet.webdriver.selenium05082013.JewelleryAndWatches" />
</testsuite> <!-- com.dealwallet.webdriver.selenium05082013.JewelleryAndWatches -->
