<?xml version="1.0" encoding="UTF-8"?>
<!-- Generated by org.testng.reporters.JUnitReportReporter -->
<testsuite hostname="Tsss-Pc1-PC" name="com.dealwallet.webdriver.selenium05082013.Computers" tests="1" failures="0" timestamp="10 Jun 2013 07:37:38 GMT" time="301.005" errors="0">
  <testcase name="testAandP" time="301.005" classname="com.dealwallet.webdriver.selenium05082013.Computers"/>
</testsuite> <!-- com.dealwallet.webdriver.selenium05082013.Computers -->
