<?xml version="1.0" encoding="UTF-8"?>
<!-- Generated by org.testng.reporters.JUnitReportReporter -->
<testsuite hostname="Tsss-Pc1-PC" name="com.dealwallet.webdriver.selenium05082013.BabiesAndKids" tests="1" failures="0" timestamp="10 Jun 2013 06:31:50 GMT" time="255.534" errors="0">
  <testcase name="testAandP" time="255.534" classname="com.dealwallet.webdriver.selenium05082013.BabiesAndKids"/>
</testsuite> <!-- com.dealwallet.webdriver.selenium05082013.BabiesAndKids -->
