<?xml version="1.0" encoding="UTF-8"?>
<!-- Generated by org.testng.reporters.JUnitReportReporter -->
<testsuite hostname="Tsss-Pc1-PC" name="com.dealwallet.webdriver.selenium.Database.DBPgrm2" tests="1" failures="0" timestamp="24 Apr 2013 10:35:15 GMT" time="17.880" errors="0">
  <testcase name="startDB" time="17.880" classname="com.dealwallet.webdriver.selenium.Database.DBPgrm2"/>
</testsuite> <!-- com.dealwallet.webdriver.selenium.Database.DBPgrm2 -->
