<?xml version="1.0" encoding="UTF-8"?>
<!-- Generated by org.testng.reporters.JUnitReportReporter -->
<testsuite hostname="Tsss-Pc1-PC" name="com.dealwallet.webdriver.selenium05082013.Shopclues" tests="1" failures="0" timestamp="4 Jun 2013 12:32:35 GMT" time="14.072" errors="0">
  <testcase name="testAandP" time="14.072" classname="com.dealwallet.webdriver.selenium05082013.Shopclues"/>
</testsuite> <!-- com.dealwallet.webdriver.selenium05082013.Shopclues -->
