<?xml version="1.0" encoding="UTF-8"?>
<!-- Generated by org.testng.reporters.JUnitReportReporter -->
<testsuite hostname="Tsss-Pc1-PC" name="com.dealwallet.webdriver.selenium05082013.ApparelAndClothing" tests="1" failures="0" timestamp="9 May 2013 13:10:07 GMT" time="432.062" errors="0">
  <testcase name="testAandP" time="432.062" classname="com.dealwallet.webdriver.selenium05082013.ApparelAndClothing"/>
</testsuite> <!-- com.dealwallet.webdriver.selenium05082013.ApparelAndClothing -->
