<?xml version="1.0" encoding="UTF-8"?>
<!-- Generated by org.testng.reporters.JUnitReportReporter -->
<testsuite hostname="Tsss-Pc1-PC" name="com.dealwallet.webdriver.selenium.Samles.HelthkartXL" tests="1" failures="0" timestamp="26 Apr 2013 13:19:18 GMT" time="31607.504" errors="0">
  <testcase name="testHealthCart" time="31607.504" classname="com.dealwallet.webdriver.selenium.Samles.HelthkartXL"/>
</testsuite> <!-- com.dealwallet.webdriver.selenium.Samles.HelthkartXL -->
