<?xml version="1.0" encoding="UTF-8"?>
<!-- Generated by org.testng.reporters.JUnitReportReporter -->
<testsuite hostname="Tsss-Pc1-PC" name="com.dealwallet.webdriver.selenium05082013.Books" tests="1" failures="0" timestamp="10 Jun 2013 06:46:31 GMT" time="324.474" errors="0">
  <testcase name="testAandP" time="324.474" classname="com.dealwallet.webdriver.selenium05082013.Books"/>
</testsuite> <!-- com.dealwallet.webdriver.selenium05082013.Books -->
