<?xml version="1.0" encoding="UTF-8"?>
<!-- Generated by org.testng.reporters.JUnitReportReporter -->
<testsuite hostname="Tsss-Pc1-PC"
	name="com.dealwallet.webdriver.selenium05082013.db.SampleStoresDBComparision"
	tests="1" failures="0" timestamp="16 May 2013 13:54:53 GMT" time="5.367"
	errors="0">
	<testcase name="test" time="5.367"
		classname="com.dealwallet.webdriver.selenium05082013.db.SampleStoresDBComparision" />
</testsuite> <!-- com.dealwallet.webdriver.selenium05082013.db.SampleStoresDBComparision -->
