<?xml version="1.0" encoding="UTF-8"?>
<!-- Generated by org.testng.reporters.JUnitReportReporter -->
<testsuite hostname="Tsss-Pc1-PC" name="com.dealwallet.webdriver.selenium.scraping.HealthCartWithPageLogic" tests="1" failures="0" timestamp="20 Apr 2013 12:15:30 GMT" time="54.645" errors="0">
  <testcase name="testHealthCart" time="54.645" classname="com.dealwallet.webdriver.selenium.scraping.HealthCartWithPageLogic"/>
</testsuite> <!-- com.dealwallet.webdriver.selenium.scraping.HealthCartWithPageLogic -->
