<?xml version="1.0" encoding="UTF-8"?>
<!-- Generated by org.testng.reporters.JUnitReportReporter -->
<testsuite hostname="Tsss-Pc1-PC"
	name="com.dealwallet.webdriver.selenium05082013.db.StoresFileAppComparision"
	tests="1" failures="0" timestamp="17 May 2013 12:06:04 GMT" time="639.843"
	errors="0">
	<testcase name="test" time="639.843"
		classname="com.dealwallet.webdriver.selenium05082013.db.StoresFileAppComparision" />
</testsuite> <!-- com.dealwallet.webdriver.selenium05082013.db.StoresFileAppComparision -->
