<?xml version="1.0" encoding="UTF-8"?>
<!-- Generated by org.testng.reporters.JUnitReportReporter -->
<testsuite hostname="Tsss-Pc1-PC" name="com.dealwallet.webdriver.selenium05082013.ApparelAndClothing" tests="1" failures="0" timestamp="10 Jun 2013 05:39:21 GMT" time="197.065" errors="0">
  <testcase name="testAandP" time="197.065" classname="com.dealwallet.webdriver.selenium05082013.ApparelAndClothing"/>
</testsuite> <!-- com.dealwallet.webdriver.selenium05082013.ApparelAndClothing -->
