<?xml version="1.0" encoding="UTF-8"?>
<!-- Generated by org.testng.reporters.JUnitReportReporter -->
<testsuite hostname="Tsss-Pc1-PC" name="com.dealwallet.webdriver.selenium.dealwalletadmin.DealsEbay2" tests="1" failures="0" timestamp="16 Apr 2013 12:03:26 GMT" time="82.219" errors="0">
  <testcase name="testEbay" time="82.219" classname="com.dealwallet.webdriver.selenium.dealwalletadmin.DealsEbay2"/>
</testsuite> <!-- com.dealwallet.webdriver.selenium.dealwalletadmin.DealsEbay2 -->
