<?xml version="1.0" encoding="UTF-8"?>
<!-- Generated by org.testng.reporters.JUnitReportReporter -->
<testsuite hostname="Tsss-Pc1-PC" name="com.dealwallet.webdriver.selenium.dealwalletadmin.HealthCart" tests="1" failures="0" timestamp="18 Apr 2013 11:20:50 GMT" time="19.811" errors="0">
  <testcase name="testHealthCart" time="19.811" classname="com.dealwallet.webdriver.selenium.dealwalletadmin.HealthCart"/>
</testsuite> <!-- com.dealwallet.webdriver.selenium.dealwalletadmin.HealthCart -->
