<?xml version="1.0" encoding="UTF-8"?>
<!-- Generated by org.testng.reporters.JUnitReportReporter -->
<testsuite hostname="Tsss-Pc1-PC" name="com.dealwallet.webdriver.selenium05082013.DealsChecking1" tests="1" failures="0" timestamp="31 May 2013 06:38:33 GMT" time="395.600" errors="0">
  <testcase name="testDeal" time="395.600" classname="com.dealwallet.webdriver.selenium05082013.DealsChecking1"/>
</testsuite> <!-- com.dealwallet.webdriver.selenium05082013.DealsChecking1 -->
