<?xml version="1.0" encoding="UTF-8"?>
<!-- Generated by org.testng.reporters.JUnitReportReporter -->
<testsuite hostname="Tsss-Pc1-PC" name="com.dealwallet.webdriver.selenium.scraping.Smartoye" tests="1" failures="0" timestamp="31 May 2013 05:10:54 GMT" time="33.006" errors="0">
  <testcase name="testnaaptol" time="33.006" classname="com.dealwallet.webdriver.selenium.scraping.Smartoye"/>
</testsuite> <!-- com.dealwallet.webdriver.selenium.scraping.Smartoye -->
