<?xml version="1.0" encoding="UTF-8"?>
<!-- Generated by org.testng.reporters.JUnitReportReporter -->
<testsuite hostname="Tsss-Pc1-PC" name="com.dealwallet.webdriver.selenium05082013.Cameras" tests="1" failures="0" timestamp="13 Jun 2013 06:49:15 GMT" time="356.502" errors="0">
  <testcase name="testAandP" time="356.502" classname="com.dealwallet.webdriver.selenium05082013.Cameras"/>
</testsuite> <!-- com.dealwallet.webdriver.selenium05082013.Cameras -->
