<?xml version="1.0" encoding="UTF-8"?>
<!-- Generated by org.testng.reporters.JUnitReportReporter -->
<testsuite hostname="Tsss-Pc1-PC" name="com.dealwallet.webdriver.selenium05082013.BabiesAndKids" tests="1" failures="0" timestamp="1 Jun 2013 05:57:04 GMT" time="322.496" errors="0">
  <testcase name="testAandP" time="322.496" classname="com.dealwallet.webdriver.selenium05082013.BabiesAndKids"/>
</testsuite> <!-- com.dealwallet.webdriver.selenium05082013.BabiesAndKids -->
