<?xml version="1.0" encoding="UTF-8"?>
<!-- Generated by org.testng.reporters.JUnitReportReporter -->
<testsuite hostname="Tsss-Pc1-PC" name="com.dealwallet.webdriver.selenium.scraping.Futurebazaar" tests="1" failures="0" timestamp="27 Apr 2013 07:12:22 GMT" time="710.379" errors="0">
  <testcase name="testFB" time="710.379" classname="com.dealwallet.webdriver.selenium.scraping.Futurebazaar"/>
</testsuite> <!-- com.dealwallet.webdriver.selenium.scraping.Futurebazaar -->
