<?xml version="1.0" encoding="UTF-8"?>
<!-- Generated by org.testng.reporters.JUnitReportReporter -->
<testsuite hostname="Tsss-Pc1-PC" name="com.dealwallet.webdriver.samples.TestExample" tests="2" failures="0" timestamp="17 May 2013 12:16:48 GMT" time="0.027" errors="0">
  <testcase name="test4" time="0.026" classname="com.dealwallet.webdriver.samples.TestExample"/>
  <testcase name="testLast" time="0.001" classname="com.dealwallet.webdriver.samples.TestExample"/>
</testsuite> <!-- com.dealwallet.webdriver.samples.TestExample -->
