<?xml version="1.0" encoding="UTF-8"?>
<!-- Generated by org.testng.reporters.JUnitReportReporter -->
<testsuite hostname="Tsss-Pc1-PC" name="com.dealwallet.webdriver.selenium05082013.Dealwallet1" tests="1" failures="0" timestamp="9 May 2013 06:25:28 GMT" time="11.258" errors="0">
  <testcase name="testReading" time="11.258" classname="com.dealwallet.webdriver.selenium05082013.Dealwallet1"/>
</testsuite> <!-- com.dealwallet.webdriver.selenium05082013.Dealwallet1 -->
