<?xml version="1.0" encoding="UTF-8"?>
<!-- Generated by org.testng.reporters.JUnitReportReporter -->
<testsuite hostname="Tsss-Pc1-PC" name="com.dealwallet.webdriver.samples.Groupprog" tests="2" failures="0" timestamp="18 May 2013 05:58:26 GMT" time="0.023" errors="0">
  <testcase name="method4" time="0.001" classname="com.dealwallet.webdriver.samples.Groupprog"/>
  <testcase name="method3" time="0.022" classname="com.dealwallet.webdriver.samples.Groupprog"/>
</testsuite> <!-- com.dealwallet.webdriver.samples.Groupprog -->
