<?xml version="1.0" encoding="UTF-8"?>
<!-- Generated by org.testng.reporters.JUnitReportReporter -->
<testsuite hostname="Tsss-Pc1-PC" name="com.dealwallet.webdriver.samples.Zovi" tests="1" failures="0" timestamp="7 May 2013 11:10:21 GMT" time="235.240" errors="0">
  <testcase name="testExample" time="235.240" classname="com.dealwallet.webdriver.samples.Zovi"/>
</testsuite> <!-- com.dealwallet.webdriver.samples.Zovi -->
