<?xml version="1.0" encoding="UTF-8"?>
<!-- Generated by org.testng.reporters.JUnitReportReporter -->
<testsuite hostname="Tsss-Pc1-PC" name="com.dealwallet.webdriver.selenium.dealwalletadmin.Category" tests="1" failures="0" timestamp="12 Apr 2013 13:16:09 GMT" time="118.092" errors="0">
  <testcase name="testcategory" time="118.092" classname="com.dealwallet.webdriver.selenium.dealwalletadmin.Category"/>
</testsuite> <!-- com.dealwallet.webdriver.selenium.dealwalletadmin.Category -->
