<?xml version="1.0" encoding="UTF-8"?>
<!-- Generated by org.testng.reporters.JUnitReportReporter -->
<testsuite hostname="Tsss-Pc1-PC" name="com.dealwallet.webdriver.selenium05082013.AudioAndVideo" tests="1" failures="0" timestamp="10 Jun 2013 06:22:24 GMT" time="241.159" errors="0">
  <testcase name="testAandP" time="241.159" classname="com.dealwallet.webdriver.selenium05082013.AudioAndVideo"/>
</testsuite> <!-- com.dealwallet.webdriver.selenium05082013.AudioAndVideo -->
