<?xml version="1.0" encoding="UTF-8"?>
<!-- Generated by org.testng.reporters.JUnitReportReporter -->
<testsuite hostname="Tsss-Pc1-PC"
	name="com.dealwallet.webdriver.selenium05082013.TVVideoAndMP3Players"
	tests="1" failures="0" timestamp="10 May 2013 05:33:12 GMT" time="657.584"
	errors="0">
	<testcase name="testAandP" time="657.584"
		classname="com.dealwallet.webdriver.selenium05082013.TVVideoAndMP3Players" />
</testsuite> <!-- com.dealwallet.webdriver.selenium05082013.TVVideoAndMP3Players -->
