<?xml version="1.0" encoding="UTF-8"?>
<!-- Generated by org.testng.reporters.JUnitReportReporter -->
<testsuite hostname="Tsss-Pc1-PC" name="com.dealwallet.webdriver.selenium.scraping.Naaptol" tests="1" failures="0" timestamp="24 Apr 2013 06:13:43 GMT" time="68.155" errors="0">
  <testcase name="testnaaptol" time="68.155" classname="com.dealwallet.webdriver.selenium.scraping.Naaptol"/>
</testsuite> <!-- com.dealwallet.webdriver.selenium.scraping.Naaptol -->
